{"total": {"lines":{"total":53,"covered":51,"skipped":0,"pct":96.22},"statements":{"total":53,"covered":51,"skipped":0,"pct":96.22},"functions":{"total":4,"covered":4,"skipped":0,"pct":100},"branches":{"total":22,"covered":19,"skipped":0,"pct":86.36},"branchesTrue":{"total":0,"covered":0,"skipped":0,"pct":"Unknown"}}
,"C:\\Users\\danda\\OneDrive\\Desktop\\TP Danial\\Y2S2\\4.DVOP\\Projects\\DevOps-Project\\public\\js\\editBooking.js": {"lines":{"total":53,"covered":51,"skipped":0,"pct":96.22},"functions":{"total":4,"covered":4,"skipped":0,"pct":100},"statements":{"total":53,"covered":51,"skipped":0,"pct":96.22},"branches":{"total":22,"covered":19,"skipped":0,"pct":86.36}}
}
