TN:
SF:public\js\editBooking.js
FN:12,fetchBookingDetails
FN:26,displayBookingDetails
FN:35,editBooking
FN:80,(anonymous_3)
FNF:4
FNH:4
FNDA:14,fetchBookingDetails
FNDA:13,displayBookingDetails
FNDA:8,editBooking
FNDA:12,(anonymous_3)
DA:2,14
DA:3,14
DA:6,14
DA:7,14
DA:8,14
DA:13,14
DA:14,14
DA:15,14
DA:16,1
DA:18,13
DA:19,13
DA:21,1
DA:27,13
DA:28,13
DA:29,13
DA:30,13
DA:31,13
DA:36,8
DA:38,8
DA:39,8
DA:40,8
DA:41,8
DA:42,8
DA:43,8
DA:46,8
DA:47,8
DA:50,8
DA:51,1
DA:52,1
DA:56,7
DA:57,1
DA:58,1
DA:62,6
DA:63,6
DA:64,2
DA:65,2
DA:68,4
DA:76,4
DA:77,4
DA:78,4
DA:80,4
DA:81,12
DA:82,4
DA:83,3
DA:84,3
DA:87,3
DA:88,3
DA:98,1
DA:99,0
DA:100,1
DA:101,1
DA:103,0
DA:108,4
LF:53
LH:51
BRDA:6,0,0,14
BRDA:6,0,1,0
BRDA:15,1,0,1
BRDA:15,1,1,13
BRDA:50,2,0,1
BRDA:50,2,1,7
BRDA:56,3,0,1
BRDA:56,3,1,6
BRDA:63,4,0,2
BRDA:63,4,1,4
BRDA:63,5,0,6
BRDA:63,5,1,5
BRDA:63,5,2,5
BRDA:63,5,3,1
BRDA:81,6,0,4
BRDA:81,6,1,8
BRDA:82,7,0,3
BRDA:82,7,1,1
BRDA:98,8,0,0
BRDA:98,8,1,1
BRDA:100,9,0,1
BRDA:100,9,1,0
BRF:22
BRH:19
end_of_record
